<?xml version="1.0" encoding="UTF-8"?>
<!-- Generated by org.testng.reporters.JUnitXMLReporter -->
<testsuite hostname="Davids-MBP" ignored="2" name="Group of group test" tests="2" failures="0" timestamp="05 May 2019 04:54:56 GMT" time="0.023" errors="0">
  <testcase name="testMethodOne" time="0.004" classname="use_Regex.RegularExpGroupTest"/>
  <testcase name="testMethodTwo" time="0.0" classname="use_Regex.RegularExpGroupTest"/>
  <testcase name="testMethodThree" time="0.0" classname="use_Regex.RegularExpGroupTest">
    <ignored/>
  </testcase> <!-- testMethodThree -->
  <testcase name="testMethodFour" time="0.0" classname="use_Regex.RegularExpGroupTest">
    <ignored/>
  </testcase> <!-- testMethodFour -->
</testsuite> <!-- Group of group test -->
