<?xml version="1.0" encoding="UTF-8"?>
<testng-results skipped="0" failed="0" ignored="2" total="6" passed="4">
  <reporter-output>
  </reporter-output>
  <suite name="Group of group suite" duration-ms="23" started-at="2019-05-05T04:54:55Z" finished-at="2019-05-05T04:54:55Z">
    <groups>
      <group name="include-test-one">
        <method signature="RegularExpGroupTest.testMethodOne()[pri:0, instance:use_Regex.RegularExpGroupTest@4411d970]" name="testMethodOne" class="use_Regex.RegularExpGroupTest"/>
      </group> <!-- include-test-one -->
      <group name="include-test-two">
        <method signature="RegularExpGroupTest.testMethodTwo()[pri:0, instance:use_Regex.RegularExpGroupTest@4411d970]" name="testMethodTwo" class="use_Regex.RegularExpGroupTest"/>
      </group> <!-- include-test-two -->
    </groups>
    <test name="Group of group test" duration-ms="23" started-at="2019-05-05T04:54:55Z" finished-at="2019-05-05T04:54:55Z">
      <class name="use_Regex.RegularExpGroupTest">
        <test-method status="PASS" signature="testMethodOne()[pri:0, instance:use_Regex.RegularExpGroupTest@4411d970]" name="testMethodOne" duration-ms="4" started-at="2019-05-05T04:54:55Z" finished-at="2019-05-05T04:54:55Z">
          <reporter-output>
          </reporter-output>
        </test-method> <!-- testMethodOne -->
        <test-method status="PASS" signature="testMethodTwo()[pri:0, instance:use_Regex.RegularExpGroupTest@4411d970]" name="testMethodTwo" duration-ms="0" started-at="2019-05-05T04:54:55Z" finished-at="2019-05-05T04:54:55Z">
          <reporter-output>
          </reporter-output>
        </test-method> <!-- testMethodTwo -->
      </class> <!-- use_Regex.RegularExpGroupTest -->
    </test> <!-- Group of group test -->
  </suite> <!-- Group of group suite -->
  <suite name="Parallel tests" duration-ms="3" started-at="2019-05-05T04:54:56Z" finished-at="2019-05-05T04:54:56Z">
    <groups>
    </groups>
    <test name="Test Two" duration-ms="3" started-at="2019-05-05T04:54:56Z" finished-at="2019-05-05T04:54:56Z">
      <class name="use_ParallelTest.ParallelTestSuite">
        <test-method status="PASS" signature="beforeTest(java.lang.String)[pri:0, instance:use_ParallelTest.ParallelTestSuite@90f6bfd]" name="beforeTest" is-config="true" duration-ms="2" started-at="2019-05-05T04:54:56Z" finished-at="2019-05-05T04:54:56Z">
          <params>
            <param index="0">
              <value>
                <![CDATA[Test Two]]>
              </value>
            </param>
          </params>
          <reporter-output>
          </reporter-output>
        </test-method> <!-- beforeTest -->
        <test-method status="PASS" signature="testMethodOne()[pri:0, instance:use_ParallelTest.ParallelTestSuite@90f6bfd]" name="testMethodOne" duration-ms="1" started-at="2019-05-05T04:54:56Z" finished-at="2019-05-05T04:54:56Z">
          <reporter-output>
          </reporter-output>
        </test-method> <!-- testMethodOne -->
        <test-method status="PASS" signature="beforeClass()[pri:0, instance:use_ParallelTest.ParallelTestSuite@90f6bfd]" name="beforeClass" is-config="true" duration-ms="0" started-at="2019-05-05T04:54:56Z" finished-at="2019-05-05T04:54:56Z">
          <reporter-output>
          </reporter-output>
        </test-method> <!-- beforeClass -->
        <test-method status="PASS" signature="afterClass()[pri:0, instance:use_ParallelTest.ParallelTestSuite@90f6bfd]" name="afterClass" is-config="true" duration-ms="0" started-at="2019-05-05T04:54:56Z" finished-at="2019-05-05T04:54:56Z">
          <reporter-output>
          </reporter-output>
        </test-method> <!-- afterClass -->
        <test-method status="PASS" signature="afterTest()[pri:0, instance:use_ParallelTest.ParallelTestSuite@90f6bfd]" name="afterTest" is-config="true" duration-ms="0" started-at="2019-05-05T04:54:56Z" finished-at="2019-05-05T04:54:56Z">
          <reporter-output>
          </reporter-output>
        </test-method> <!-- afterTest -->
      </class> <!-- use_ParallelTest.ParallelTestSuite -->
    </test> <!-- Test Two -->
    <test name="Test One" duration-ms="3" started-at="2019-05-05T04:54:56Z" finished-at="2019-05-05T04:54:56Z">
      <class name="use_ParallelTest.ParallelTestSuite">
        <test-method status="PASS" signature="beforeTest(java.lang.String)[pri:0, instance:use_ParallelTest.ParallelTestSuite@77b52d12]" name="beforeTest" is-config="true" duration-ms="2" started-at="2019-05-05T04:54:56Z" finished-at="2019-05-05T04:54:56Z">
          <params>
            <param index="0">
              <value>
                <![CDATA[Test One]]>
              </value>
            </param>
          </params>
          <reporter-output>
          </reporter-output>
        </test-method> <!-- beforeTest -->
        <test-method status="PASS" signature="testMethodOne()[pri:0, instance:use_ParallelTest.ParallelTestSuite@77b52d12]" name="testMethodOne" duration-ms="1" started-at="2019-05-05T04:54:56Z" finished-at="2019-05-05T04:54:56Z">
          <reporter-output>
          </reporter-output>
        </test-method> <!-- testMethodOne -->
        <test-method status="PASS" signature="beforeClass()[pri:0, instance:use_ParallelTest.ParallelTestSuite@77b52d12]" name="beforeClass" is-config="true" duration-ms="0" started-at="2019-05-05T04:54:56Z" finished-at="2019-05-05T04:54:56Z">
          <reporter-output>
          </reporter-output>
        </test-method> <!-- beforeClass -->
        <test-method status="PASS" signature="afterTest()[pri:0, instance:use_ParallelTest.ParallelTestSuite@77b52d12]" name="afterTest" is-config="true" duration-ms="0" started-at="2019-05-05T04:54:56Z" finished-at="2019-05-05T04:54:56Z">
          <reporter-output>
          </reporter-output>
        </test-method> <!-- afterTest -->
        <test-method status="PASS" signature="afterClass()[pri:0, instance:use_ParallelTest.ParallelTestSuite@77b52d12]" name="afterClass" is-config="true" duration-ms="0" started-at="2019-05-05T04:54:56Z" finished-at="2019-05-05T04:54:56Z">
          <reporter-output>
          </reporter-output>
        </test-method> <!-- afterClass -->
      </class> <!-- use_ParallelTest.ParallelTestSuite -->
    </test> <!-- Test One -->
  </suite> <!-- Parallel tests -->
</testng-results>
